<?xml version="1.0" encoding="UTF-8"?>
<testng-results ignored="0" total="1" passed="1" failed="0" skipped="0">
  <reporter-output>
  </reporter-output>
  <suite started-at="2021-01-10T13:25:52 IST" name="Default suite" finished-at="2021-01-10T13:26:29 IST" duration-ms="36922">
    <groups>
    </groups>
    <test started-at="2021-01-10T13:25:52 IST" name="Default test" finished-at="2021-01-10T13:26:29 IST" duration-ms="36922">
      <class name="TestOpenMap">
        <test-method is-config="true" signature="startUp()[pri:0, instance:TestOpenMap@50b5ac82]" started-at="2021-01-10T13:25:52 IST" name="startUp" finished-at="2021-01-10T13:26:28 IST" duration-ms="36291" status="PASS">
          <reporter-output>
          </reporter-output>
        </test-method> <!-- startUp -->
        <test-method signature="NaviagteToMap()[pri:0, instance:TestOpenMap@50b5ac82]" started-at="2021-01-10T13:26:28 IST" name="NaviagteToMap" finished-at="2021-01-10T13:26:28 IST" duration-ms="23" status="PASS">
          <reporter-output>
          </reporter-output>
        </test-method> <!-- NaviagteToMap -->
        <test-method is-config="true" signature="tearDown()[pri:0, instance:TestOpenMap@50b5ac82]" started-at="2021-01-10T13:26:28 IST" name="tearDown" finished-at="2021-01-10T13:26:29 IST" duration-ms="416" status="PASS">
          <reporter-output>
          </reporter-output>
        </test-method> <!-- tearDown -->
      </class> <!-- TestOpenMap -->
    </test> <!-- Default test -->
  </suite> <!-- Default suite -->
</testng-results>
